<?xml version="1.0" encoding="UTF-8"?>
<!-- Generated by org.testng.reporters.JUnitReportReporter -->
<testsuite hostname="DESKTOP-G0D5220" failures="0" tests="3" name="testNG.DependanciesManagement4" time="0.010" errors="0" timestamp="2022-07-14T16:02:41 IST" skipped="0">
  <testcase classname="testNG.DependanciesManagement4" name="college" time="0.004"/>
  <system-out/>
  <testcase classname="testNG.DependanciesManagement4" name="highersecondaryschool" time="0.003"/>
  <system-out/>
  <testcase classname="testNG.DependanciesManagement4" name="highschool" time="0.003"/>
  <system-out/>
</testsuite> <!-- testNG.DependanciesManagement4 -->
