<?xml version="1.0" encoding="UTF-8"?>
<!-- Generated by org.testng.reporters.JUnitReportReporter -->
<testsuite hostname="DESKTOP-G0D5220" failures="0" tests="2" name="testNG.AnnotationsHierachyExample11" time="0.015" errors="0" timestamp="2022-07-14T18:01:59 IST" skipped="0">
  <testcase classname="testNG.AnnotationsHierachyExample11" name="test" time="0.012"/>
  <system-out/>
  <testcase classname="testNG.AnnotationsHierachyExample11" name="test2" time="0.003"/>
  <system-out/>
</testsuite> <!-- testNG.AnnotationsHierachyExample11 -->
