<?xml version="1.0" encoding="UTF-8"?>
<!-- Generated by org.testng.reporters.JUnitReportReporter -->
<testsuite hostname="DESKTOP-G0D5220" failures="0" tests="3" name="testNG.SuiteExample5" time="3.805" errors="0" timestamp="2022-08-23T14:08:28 IST" skipped="0">
  <testcase classname="testNG.SuiteExample5" name="openabing" time="0.354"/>
  <system-out/>
  <testcase classname="testNG.SuiteExample5" name="openagoogle" time="2.282"/>
  <system-out/>
  <testcase classname="testNG.SuiteExample5" name="openayahoo" time="1.169"/>
  <system-out/>
</testsuite> <!-- testNG.SuiteExample5 -->
