<?xml version="1.0" encoding="UTF-8"?>
<!-- Generated by org.testng.reporters.JUnitReportReporter -->
<testsuite hostname="DESKTOP-G0D5220" failures="0" tests="4" name="testNG.GrouppingExample7" time="0.037" errors="0" timestamp="2022-07-14T16:28:00 IST" skipped="0">
  <testcase classname="testNG.GrouppingExample7" name="moto2" time="0.015"/>
  <system-out/>
  <testcase classname="testNG.GrouppingExample7" name="vivo2" time="0.004"/>
  <system-out/>
  <testcase classname="testNG.GrouppingExample7" name="moto1" time="0.015"/>
  <system-out/>
  <testcase classname="testNG.GrouppingExample7" name="vivo1" time="0.003"/>
  <system-out/>
</testsuite> <!-- testNG.GrouppingExample7 -->
