<?xml version="1.0" encoding="UTF-8"?>
<!-- Generated by org.testng.reporters.JUnitReportReporter -->
<testsuite hostname="DESKTOP-G0D5220" failures="0" tests="4" name="testNG.SampleTestCase" time="0.036" errors="0" timestamp="2022-08-25T16:01:10 IST" skipped="0">
  <testcase classname="testNG.SampleTestCase" name="SecondTestCase" time="0.014"/>
  <system-out/>
  <testcase classname="testNG.SampleTestCase" name="FourthTestCase" time="0.014"/>
  <system-out/>
  <testcase classname="testNG.SampleTestCase" name="ThirdTestCase" time="0.003"/>
  <system-out/>
  <testcase classname="testNG.SampleTestCase" name="firstTestCase" time="0.005"/>
  <system-out/>
</testsuite> <!-- testNG.SampleTestCase -->
