<?xml version="1.0" encoding="UTF-8"?>
<!-- Generated by org.testng.reporters.JUnitReportReporter -->
<testsuite hostname="DESKTOP-G0D5220" failures="0" tests="5" name="testNG.DriveACar2" time="0.013" errors="0" timestamp="2022-07-14T16:02:41 IST" skipped="0">
  <testcase classname="testNG.DriveACar2" name="StarttheCar" time="0.004"/>
  <system-out/>
  <testcase classname="testNG.DriveACar2" name="PutFirstGear" time="0.001"/>
  <system-out/>
  <testcase classname="testNG.DriveACar2" name="PutSecondGear" time="0.002"/>
  <system-out/>
  <testcase classname="testNG.DriveACar2" name="PutThirdGear" time="0.004"/>
  <system-out/>
  <testcase classname="testNG.DriveACar2" name="PutFourthGear" time="0.002"/>
  <system-out/>
</testsuite> <!-- testNG.DriveACar2 -->
