<?xml version="1.0" encoding="UTF-8"?>
<!-- Generated by org.testng.reporters.JUnitReportReporter -->
<testsuite hostname="DESKTOP-G0D5220" failures="0" tests="2" name="testNG.ParallelTestingExample9" time="4.776" errors="0" timestamp="2022-08-29T15:15:56 IST" skipped="0">
  <testcase classname="testNG.ParallelTestingExample9" name="opengoogle" time="2.460"/>
  <system-out/>
  <testcase classname="testNG.ParallelTestingExample9" name="openbing" time="2.316"/>
  <system-out/>
</testsuite> <!-- testNG.ParallelTestingExample9 -->
