<?xml version="1.0" encoding="UTF-8"?>
<!-- Generated by org.testng.reporters.JUnitReportReporter -->
<testsuite hostname="DESKTOP-G0D5220" failures="0" tests="3" name="testNG.DependanciesManagement" time="0.012" errors="0" timestamp="2022-06-16T15:57:49 IST" skipped="0">
  <testcase classname="testNG.DependanciesManagement" name="college" time="0.008"/>
  <system-out/>
  <testcase classname="testNG.DependanciesManagement" name="highschool" time="0.002"/>
  <system-out/>
  <testcase classname="testNG.DependanciesManagement" name="highersecondaryschool" time="0.002"/>
  <system-out/>
</testsuite> <!-- testNG.DependanciesManagement -->
