<?xml version="1.0" encoding="UTF-8"?>
<!-- Generated by org.testng.reporters.JUnitReportReporter -->
<testsuite hostname="DESKTOP-G0D5220" failures="0" tests="6" name="testNG.SkipATestCase3" time="0.012" errors="0" timestamp="2022-07-14T16:02:41 IST" skipped="1">
  <testcase classname="testNG.SkipATestCase3" name="StarttheCar" time="0.003"/>
  <system-out/>
  <testcase classname="testNG.SkipATestCase3" name="PutFirstGear" time="0.003"/>
  <system-out/>
  <testcase classname="testNG.SkipATestCase3" name="PutSecondGear" time="0.001"/>
  <system-out/>
  <testcase classname="testNG.SkipATestCase3" name="PutThirdGear" time="0.002"/>
  <system-out/>
  <testcase classname="testNG.SkipATestCase3" name="PutFourthGear" time="0.003"/>
  <system-out/>
  <testcase classname="testNG.SkipATestCase3" name="Turnonthemusic">
    <skipped/>
  </testcase> <!-- Turnonthemusic -->
  <system-out/>
</testsuite> <!-- testNG.SkipATestCase3 -->
