<?xml version="1.0" encoding="UTF-8"?>
<!-- Generated by org.testng.reporters.JUnitReportReporter -->
<testsuite hostname="DESKTOP-G0D5220" failures="0" tests="1" name="testNG.ParameterizationExample8" time="0.012" errors="0" timestamp="2022-07-27T17:21:48 IST" skipped="0">
  <testcase classname="testNG.ParameterizationExample8" name="printname" time="0.012"/>
  <system-out/>
</testsuite> <!-- testNG.ParameterizationExample8 -->
