<?xml version="1.0" encoding="UTF-8"?>
<!-- Generated by org.testng.reporters.JUnitReportReporter -->
<testsuite hostname="DESKTOP-G0D5220" failures="0" tests="1" name="testNG.AssertionsExample10" time="0.012" errors="0" timestamp="2022-08-23T14:21:21 IST" skipped="0">
  <testcase classname="testNG.AssertionsExample10" name="checkequal" time="0.012"/>
  <system-out/>
</testsuite> <!-- testNG.AssertionsExample10 -->
