<?xml version="1.0" encoding="UTF-8"?>
<!-- Generated by org.testng.reporters.JUnitReportReporter -->
<testsuite hostname="DESKTOP-G0D5220" failures="0" tests="6" name="testNG.SkipATestCase" time="0.016" errors="0" timestamp="2022-06-16T15:36:57 IST" skipped="1">
  <testcase classname="testNG.SkipATestCase" name="StarttheCar" time="0.010"/>
  <system-out/>
  <testcase classname="testNG.SkipATestCase" name="PutFirstGear" time="0.001"/>
  <system-out/>
  <testcase classname="testNG.SkipATestCase" name="PutSecondGear" time="0.002"/>
  <system-out/>
  <testcase classname="testNG.SkipATestCase" name="PutThirdGear" time="0.001"/>
  <system-out/>
  <testcase classname="testNG.SkipATestCase" name="PutFourthGear" time="0.002"/>
  <system-out/>
  <testcase classname="testNG.SkipATestCase" name="Turnonthemusic">
    <skipped/>
  </testcase> <!-- Turnonthemusic -->
  <system-out/>
</testsuite> <!-- testNG.SkipATestCase -->
